<?xml version="1.0" encoding="UTF-8"?>
<!-- Generated by org.testng.reporters.JUnitXMLReporter -->
<testsuite hostname="POOLW42SLPC6865" failures="0" tests="7" name="pisystindiaTestCases" time="182.98" errors="0" timestamp="20 Dec 2022 05:19:18 GMT">
  <testcase classname="TestCase.pisystindiaTestCases" name="ValidData" time="13.518"/>
  <testcase classname="TestCase.pisystindiaTestCases" name="Blankdata" time="13.121"/>
  <testcase classname="TestCase.pisystindiaTestCases" name="SpecialCharacterdata" time="10.493"/>
  <testcase classname="TestCase.pisystindiaTestCases" name="DoubleSpacedata" time="13.853"/>
  <testcase classname="TestCase.pisystindiaTestCases" name="LessThanThreeChardata" time="18.725"/>
  <testcase classname="TestCase.pisystindiaTestCases" name="MoreThanThreeChardata" time="13.13"/>
  <testcase classname="TestCase.pisystindiaTestCases" name="NumericalandSpecialChardata" time="10.126"/>
</testsuite> <!-- pisystindiaTestCases -->
