<?xml version="1.0" encoding="UTF-8"?>
<testng-results total="1" passed="1" failed="0" skipped="0">
  <reporter-output>
  </reporter-output>
  <suite started-at="2022-12-20T05:20:09Z" name="EcommerceTestCases" finished-at="2022-12-20T05:20:29Z" duration-ms="19882">
    <groups>
    </groups>
    <test started-at="2022-12-20T05:20:09Z" name="EcommerceTestCases" finished-at="2022-12-20T05:20:29Z" duration-ms="19882">
      <class name="TestCase.EcommerceTestCases">
        <test-method is-config="true" signature="beforeClass()[pri:0, instance:TestCase.EcommerceTestCases@581ac8a8]" started-at="2022-12-20T10:50:09Z" name="beforeClass" finished-at="2022-12-20T10:50:09Z" duration-ms="18" status="PASS">
          <reporter-output>
          </reporter-output>
        </test-method> <!-- beforeClass -->
        <test-method is-config="true" signature="setup(java.lang.String, java.lang.String)[pri:0, instance:TestCase.EcommerceTestCases@581ac8a8]" started-at="2022-12-20T10:50:09Z" name="setup" finished-at="2022-12-20T10:50:23Z" duration-ms="14605" status="PASS">
          <params>
            <param index="0">
              <value>
                <![CDATA[chrome]]>
              </value>
            </param>
            <param index="1">
              <value>
                <![CDATA[https://products.pisystindia.com/Ecommerce/admin/login]]>
              </value>
            </param>
          </params>
          <reporter-output>
          </reporter-output>
        </test-method> <!-- setup -->
        <test-method signature="ValidData()[pri:0, instance:TestCase.EcommerceTestCases@581ac8a8]" started-at="2022-12-20T10:50:23Z" name="ValidData" finished-at="2022-12-20T10:50:28Z" duration-ms="4624" status="PASS">
          <reporter-output>
          </reporter-output>
        </test-method> <!-- ValidData -->
        <test-method is-config="true" signature="tearDown()[pri:0, instance:TestCase.EcommerceTestCases@581ac8a8]" started-at="2022-12-20T10:50:28Z" name="tearDown" finished-at="2022-12-20T10:50:29Z" duration-ms="617" status="PASS">
          <reporter-output>
          </reporter-output>
        </test-method> <!-- tearDown -->
        <test-method is-config="true" signature="afterclass()[pri:0, instance:TestCase.EcommerceTestCases@581ac8a8]" started-at="2022-12-20T10:50:29Z" name="afterclass" finished-at="2022-12-20T10:50:29Z" duration-ms="0" status="PASS">
          <reporter-output>
          </reporter-output>
        </test-method> <!-- afterclass -->
      </class> <!-- TestCase.EcommerceTestCases -->
    </test> <!-- EcommerceTestCases -->
  </suite> <!-- EcommerceTestCases -->
</testng-results>
